<?xml version="1.0" encoding="UTF-8"?>
<!-- Generated by org.testng.reporters.JUnitXMLReporter -->
<testsuite ignored="5" hostname="LAPTOP-EDL7047S" failures="0" tests="4" name="SeleniumPractice" time="25.033" errors="0" timestamp="2026-09-02T12:35:29 IST">
  <testcase classname="org.example.ChromeOptionsPractice" name="sslCert" time="15.692"/>
  <testcase classname="org.example.EcommAddToCartCalendarPageination_Streams" name="filterCheck" time="3.274"/>
  <testcase classname="org.example.EcommAddToCartCalendarPageination_Streams" name="pagination" time="3.672"/>
  <testcase classname="org.example.RelativeLocatorsAndAssignment2InvokeWindowTab" name="relativeLocPract" time="2.262"/>
  <testcase classname="org.example.ChromeOptionsPractice" name="disableLocPractice" time="0.0">
    <ignored/>
  </testcase> <!-- disableLocPractice -->
  <testcase classname="org.example.EcommAddToCartCalendarPageination_Streams" name="calendarPractice" time="0.0">
    <ignored/>
  </testcase> <!-- calendarPractice -->
  <testcase classname="org.example.RelativeLocatorsAndAssignment2InvokeWindowTab" name="assignUIInvokeWindowTab" time="0.0">
    <ignored/>
  </testcase> <!-- assignUIInvokeWindowTab -->
  <testcase classname="org.example.EcommAddToCartCalendarPageination_Streams" name="addItemsToCart" time="0.0">
    <ignored/>
  </testcase> <!-- addItemsToCart -->
  <testcase classname="org.example.FramesPractice" name="practiceFrameSwitch" time="0.0">
    <ignored/>
  </testcase> <!-- practiceFrameSwitch -->
</testsuite> <!-- SeleniumPractice -->
