<?xml version="1.0" encoding="UTF-8"?>
<!-- Generated by org.testng.reporters.JUnitReportReporter -->
<testsuite hostname="LAPTOP-EDL7047S" failures="0" tests="2" name="org.example.EcommAddToCartCalendarPageination_Streams" time="6.946" errors="0" timestamp="2026-09-02T12:35:29 IST" skipped="0">
  <testcase classname="org.example.EcommAddToCartCalendarPageination_Streams" name="pagination" time="3.672"/>
  <testcase classname="org.example.EcommAddToCartCalendarPageination_Streams" name="filterCheck" time="3.274"/>
</testsuite> <!-- org.example.EcommAddToCartCalendarPageination_Streams -->
