<?xml version="1.0" encoding="UTF-8"?>
<!-- Generated by org.testng.reporters.JUnitReportReporter -->
<testsuite hostname="LAPTOP-EDL7047S" failures="0" tests="1" name="org.example.RelativeLocatorsAndAssignment2InvokeWindowTab" time="2.262" errors="0" timestamp="2026-09-02T12:35:29 IST" skipped="0">
  <testcase classname="org.example.RelativeLocatorsAndAssignment2InvokeWindowTab" name="relativeLocPract" time="2.262"/>
</testsuite> <!-- org.example.RelativeLocatorsAndAssignment2InvokeWindowTab -->
